<?xml version="1.0" encoding="UTF-8"?>
<!-- Generated by org.testng.reporters.JUnitXMLReporter -->
<testsuite ignored="0" hostname="DESKTOP-7OA1239" failures="0" tests="3" name="Create User Test" time="0.152" errors="0" timestamp="2022-10-19T17:43:56 EDT">
  <testcase classname="testcases.suite_two.CreateUser" name="createUserUsingProviderClass" time="0.016"/>
  <testcase classname="testcases.suite_two.CreateUser" name="createUserUsingProviderClass" time="0.001"/>
  <testcase classname="testcases.suite_two.CreateUser" name="createUserUsingProviderClass" time="0.001"/>
</testsuite> <!-- Create User Test -->
