<?xml version="1.0" encoding="UTF-8"?>
<!-- Generated by org.testng.reporters.JUnitXMLReporter -->
<testsuite ignored="0" hostname="DESKTOP-7OA1239" failures="0" tests="3" name="Create User Test" time="0.031" errors="0" timestamp="2022-10-12T10:09:27 EDT">
  <testcase classname="testcases.suite_two.CreateUser" name="createUserUsingProviderClass" time="0.002"/>
  <testcase classname="testcases.suite_two.CreateUser" name="createUserUsingProviderClass" time="0.002"/>
  <testcase classname="testcases.suite_two.CreateUser" name="createUserUsingProviderClass" time="0.002"/>
</testsuite> <!-- Create User Test -->
