<?xml version="1.0" encoding="UTF-8"?>
<!-- Generated by org.testng.reporters.JUnitXMLReporter -->
<testsuite ignored="0" hostname="DESKTOP-7OA1239" failures="0" tests="3" name="Search and Buy Phone Test" time="0.04" errors="0" timestamp="2022-10-12T10:09:27 EDT">
  <testcase classname="testcases.suite_one.SearchAndBuyPhone" name="searchPhone" time="0.002"/>
  <testcase classname="testcases.suite_one.SearchAndBuyPhone" name="selectPhone" time="0.004"/>
  <testcase classname="testcases.suite_one.SearchAndBuyPhone" name="buyPhone" time="0.003"/>
</testsuite> <!-- Search and Buy Phone Test -->
