<?xml version="1.0" encoding="UTF-8"?>
<testsuite xmlns:xsi="http://www.w3.org/2001/XMLSchema-instance" xsi:noNamespaceSchemaLocation="https://maven.apache.org/surefire/maven-surefire-plugin/xsd/surefire-test-report-3.0.xsd" version="3.0" name="TestSuite" time="2.874" tests="30" errors="0" skipped="0" failures="0">
  <properties>
[...]
</properties>
  <testcase name="createUserUsingProviderClass[1, Ravi, Khokhar, rk@gmail.com, 9876543210](1)" classname="testcases.suite_two.CreateUser" time="0.033">
    <system-out><![CDATA[createUserUsingProviderClass
The thread ID for softAssert 18
The thread ID for softAssert 20
The thread ID for createUserUsingProviderClass 19
onTestSuccess: createUserUsingProviderClass
]]></system-out>
    <system-err><![CDATA[SLF4J: Failed to load class "org.slf4j.impl.StaticLoggerBinder".
SLF4J: Defaulting to no-operation (NOP) logger implementation
SLF4J: See http://www.slf4j.org/codes.html#StaticLoggerBinder for further details.
]]></system-err>
  </testcase>
  <testcase name="createUserUsingProviderClass[1, Ravi, Khokhar, rk@gmail.com, 9876543210](1)" classname="testcases.suite_two.CreateUser" time="0.013">
    <system-out><![CDATA[createUserUsingProviderClass
The thread ID for createUserUsingProviderClass 19
onTestSuccess: createUserUsingProviderClass
]]></system-out>
  </testcase>
  <testcase name="createUserUsingProviderClass[1, Ravi, Khokhar, rk@gmail.com, 9876543210](1)" classname="testcases.suite_two.CreateUser" time="0">
    <system-out><![CDATA[createUserUsingProviderClass
The thread ID for createUserUsingProviderClass 22
onTestSuccess: createUserUsingProviderClass
]]></system-out>
  </testcase>
  <testcase name="createUserUsingProviderClass[2, Nikunj, Radadiya, nr@gmail.com, 9886343222](2)" classname="testcases.suite_two.CreateUser" time="0.003">
    <system-out><![CDATA[The thread ID for createUserUsingProviderClass 19
onTestSuccess: createUserUsingProviderClass
]]></system-out>
  </testcase>
  <testcase name="createUserUsingProviderClass[2, Nikunj, Radadiya, nr@gmail.com, 9886343222](2)" classname="testcases.suite_two.CreateUser" time="0.005">
    <system-out><![CDATA[The thread ID for createUserUsingProviderClass 19
onTestSuccess: createUserUsingProviderClass
]]></system-out>
  </testcase>
  <testcase name="createUserUsingProviderClass[2, Nikunj, Radadiya, nr@gmail.com, 9886343222](2)" classname="testcases.suite_two.CreateUser" time="0.011">
    <system-out><![CDATA[The thread ID for createUserUsingProviderClass 22
onTestSuccess: createUserUsingProviderClass
]]></system-out>
  </testcase>
  <testcase name="createUserUsingProviderClass[3, Jeenal, Radadiya, nr@gmail.com, 7776543278](3)" classname="testcases.suite_two.CreateUser" time="0.002">
    <system-out><![CDATA[The thread ID for createUserUsingProviderClass 19
onTestSuccess: createUserUsingProviderClass
]]></system-out>
  </testcase>
  <testcase name="createUserUsingProviderClass[3, Jeenal, Radadiya, nr@gmail.com, 7776543278](3)" classname="testcases.suite_two.CreateUser" time="0.009">
    <system-out><![CDATA[The thread ID for createUserUsingProviderClass 19
onTestSuccess: createUserUsingProviderClass
]]></system-out>
  </testcase>
  <testcase name="createUserUsingProviderClass[3, Jeenal, Radadiya, nr@gmail.com, 7776543278](3)" classname="testcases.suite_two.CreateUser" time="0.002">
    <system-out><![CDATA[The thread ID for createUserUsingProviderClass 22
onTestSuccess: createUserUsingProviderClass
]]></system-out>
  </testcase>
  <testcase name="softAssert" classname="testcases.suite_one.LoginTest" time="0.005">
    <system-out><![CDATA[onTestSuccess: softAssert
]]></system-out>
  </testcase>
  <testcase name="softAssert" classname="testcases.suite_one.LoginTest" time="0.016">
    <system-out><![CDATA[onTestSuccess: softAssert
]]></system-out>
  </testcase>
  <testcase name="softAssert" classname="testcases.suite_one.LoginTest" time="0.002">
    <system-out><![CDATA[The thread ID for softAssert 21
onTestSuccess: softAssert
]]></system-out>
  </testcase>
  <testcase name="searchPhone[org.testng.TestRunner@54684790](1)" classname="testcases.suite_one.SearchAndBuyPhone" time="0.008">
    <system-out><![CDATA[The thread ID for searchPhone 18
Search phone
onTestSuccess: searchPhone
The thread ID for searchPhone 20
Search phone
onTestSuccess: searchPhone
]]></system-out>
  </testcase>
  <testcase name="searchPhone[org.testng.TestRunner@3c432760](1)" classname="testcases.suite_one.SearchAndBuyPhone" time="0.008"/>
  <testcase name="selectPhone[org.testng.TestRunner@3c432760](1)" classname="testcases.suite_one.SearchAndBuyPhone" time="0.009">
    <system-out><![CDATA[The thread ID for selectPhone 18
Select phone: Apple
onTestSuccess: selectPhone
]]></system-out>
  </testcase>
  <testcase name="selectPhone[org.testng.TestRunner@54684790](1)" classname="testcases.suite_one.SearchAndBuyPhone" time="0.003">
    <system-out><![CDATA[The thread ID for selectPhone 20
Select phone: Apple
onTestSuccess: selectPhone
]]></system-out>
  </testcase>
  <testcase name="buyPhone[org.testng.TestRunner@54684790](1)" classname="testcases.suite_one.SearchAndBuyPhone" time="0.003">
    <system-out><![CDATA[The thread ID for buyPhone 20
Buy phone: Apple iPhone 13
onTestSuccess: buyPhone
]]></system-out>
  </testcase>
  <testcase name="buyPhone[org.testng.TestRunner@3c432760](1)" classname="testcases.suite_one.SearchAndBuyPhone" time="0.024">
    <system-out><![CDATA[The thread ID for buyPhone 18
Buy phone: Apple iPhone 13
onTestSuccess: buyPhone
]]></system-out>
  </testcase>
  <testcase name="searchPhone[org.testng.TestRunner@546263d0](1)" classname="testcases.suite_one.SearchAndBuyPhone" time="0.007">
    <system-out><![CDATA[The thread ID for searchPhone 24
Search phone
onTestSuccess: searchPhone
]]></system-out>
  </testcase>
  <testcase name="selectPhone[org.testng.TestRunner@546263d0](1)" classname="testcases.suite_one.SearchAndBuyPhone" time="0.005">
    <system-out><![CDATA[The thread ID for selectPhone 25
Select phone: Apple
onTestSuccess: selectPhone
]]></system-out>
  </testcase>
  <testcase name="buyPhone[org.testng.TestRunner@546263d0](1)" classname="testcases.suite_one.SearchAndBuyPhone" time="0.002">
    <system-out><![CDATA[The thread ID for buyPhone 24
Buy phone: Apple iPhone 13
onTestSuccess: buyPhone
]]></system-out>
  </testcase>
  <testcase name="deleteUser[1, Ravi, Khokhar, rk@gmail.com, 9876543210](1)" classname="testcases.suite_two.DeleteUser" time="0">
    <system-out><![CDATA[deleteUser
The thread ID for deleteUser 19
onTestSuccess: deleteUser
]]></system-out>
  </testcase>
  <testcase name="deleteUser[1, Ravi, Khokhar, rk@gmail.com, 9876543210](1)" classname="testcases.suite_two.DeleteUser" time="0.001">
    <system-out><![CDATA[deleteUser
The thread ID for deleteUser 19
onTestSuccess: deleteUser
]]></system-out>
  </testcase>
  <testcase name="deleteUser[1, Ravi, Khokhar, rk@gmail.com, 9876543210](1)" classname="testcases.suite_two.DeleteUser" time="0.002">
    <system-out><![CDATA[deleteUser
The thread ID for deleteUser 23
onTestSuccess: deleteUser
]]></system-out>
  </testcase>
  <testcase name="deleteUser[2, Nikunj, Radadiya, nr@gmail.com, 9886343222](2)" classname="testcases.suite_two.DeleteUser" time="0.002">
    <system-out><![CDATA[The thread ID for deleteUser 19
onTestSuccess: deleteUser
]]></system-out>
  </testcase>
  <testcase name="deleteUser[2, Nikunj, Radadiya, nr@gmail.com, 9886343222](2)" classname="testcases.suite_two.DeleteUser" time="0.006">
    <system-out><![CDATA[The thread ID for deleteUser 19
onTestSuccess: deleteUser
]]></system-out>
  </testcase>
  <testcase name="deleteUser[2, Nikunj, Radadiya, nr@gmail.com, 9886343222](2)" classname="testcases.suite_two.DeleteUser" time="0.002">
    <system-out><![CDATA[The thread ID for deleteUser 23
onTestSuccess: deleteUser
]]></system-out>
  </testcase>
  <testcase name="deleteUser[3, Jeenal, Radadiya, nr@gmail.com, 7776543278](3)" classname="testcases.suite_two.DeleteUser" time="0.002">
    <system-out><![CDATA[The thread ID for deleteUser 19
onTestSuccess: deleteUser
]]></system-out>
  </testcase>
  <testcase name="deleteUser[3, Jeenal, Radadiya, nr@gmail.com, 7776543278](3)" classname="testcases.suite_two.DeleteUser" time="0.001">
    <system-out><![CDATA[The thread ID for deleteUser 19
onTestSuccess: deleteUser
]]></system-out>
  </testcase>
  <testcase name="deleteUser[3, Jeenal, Radadiya, nr@gmail.com, 7776543278](3)" classname="testcases.suite_two.DeleteUser" time="0.002">
    <system-out><![CDATA[The thread ID for deleteUser 23
onTestSuccess: deleteUser
]]></system-out>
  </testcase>
</testsuite>