<?xml version="1.0" encoding="UTF-8"?>
<testng-results ignored="0" total="30" passed="30" failed="0" skipped="0">
  <reporter-output>
  </reporter-output>
  <suite started-at="2022-10-19T17:43:56 EDT" name="All Combine Execution" finished-at="2022-10-19T17:43:56 EDT" duration-ms="170">
    <groups>
    </groups>
    <test started-at="2022-10-19T17:43:56 EDT" name="Login Test" finished-at="2022-10-19T17:43:56 EDT" duration-ms="33">
      <class name="testcases.suite_one.LoginTest">
        <test-method is-config="true" signature="init()[pri:0, instance:testcases.suite_one.LoginTest@1a6d8329]" started-at="2022-10-19T17:43:56 EDT" name="init" finished-at="2022-10-19T17:43:56 EDT" duration-ms="3" status="PASS">
          <reporter-output>
          </reporter-output>
        </test-method> <!-- init -->
        <test-method signature="softAssert()[pri:0, instance:testcases.suite_one.LoginTest@1a6d8329]" started-at="2022-10-19T17:43:56 EDT" name="softAssert" finished-at="2022-10-19T17:43:56 EDT" duration-ms="0" status="PASS">
          <reporter-output>
          </reporter-output>
        </test-method> <!-- softAssert -->
        <test-method is-config="true" signature="complete()[pri:0, instance:testcases.suite_one.LoginTest@1a6d8329]" started-at="2022-10-19T17:43:56 EDT" name="complete" finished-at="2022-10-19T17:43:56 EDT" duration-ms="0" status="PASS">
          <reporter-output>
          </reporter-output>
        </test-method> <!-- complete -->
      </class> <!-- testcases.suite_one.LoginTest -->
    </test> <!-- Login Test -->
    <test started-at="2022-10-19T17:43:56 EDT" name="Create User Test" finished-at="2022-10-19T17:43:56 EDT" duration-ms="43">
      <class name="testcases.suite_two.CreateUser">
        <test-method signature="createUserUsingProviderClass(int,java.lang.String,java.lang.String,java.lang.String,long)[pri:2, instance:testcases.suite_two.CreateUser@738dc9b]" started-at="2022-10-19T17:43:56 EDT" name="createUserUsingProviderClass" data-provider="getData" finished-at="2022-10-19T17:43:56 EDT" duration-ms="3" status="PASS">
          <params>
            <param index="0">
              <value>
                <![CDATA[1]]>
              </value>
            </param>
            <param index="1">
              <value>
                <![CDATA[Ravi]]>
              </value>
            </param>
            <param index="2">
              <value>
                <![CDATA[Khokhar]]>
              </value>
            </param>
            <param index="3">
              <value>
                <![CDATA[rk@gmail.com]]>
              </value>
            </param>
            <param index="4">
              <value>
                <![CDATA[9876543210]]>
              </value>
            </param>
          </params>
          <reporter-output>
          </reporter-output>
        </test-method> <!-- createUserUsingProviderClass -->
        <test-method signature="createUserUsingProviderClass(int,java.lang.String,java.lang.String,java.lang.String,long)[pri:2, instance:testcases.suite_two.CreateUser@738dc9b]" started-at="2022-10-19T17:43:56 EDT" name="createUserUsingProviderClass" data-provider="getData" finished-at="2022-10-19T17:43:56 EDT" duration-ms="1" status="PASS">
          <params>
            <param index="0">
              <value>
                <![CDATA[2]]>
              </value>
            </param>
            <param index="1">
              <value>
                <![CDATA[Nikunj]]>
              </value>
            </param>
            <param index="2">
              <value>
                <![CDATA[Radadiya]]>
              </value>
            </param>
            <param index="3">
              <value>
                <![CDATA[nr@gmail.com]]>
              </value>
            </param>
            <param index="4">
              <value>
                <![CDATA[9886343222]]>
              </value>
            </param>
          </params>
          <reporter-output>
          </reporter-output>
        </test-method> <!-- createUserUsingProviderClass -->
        <test-method signature="createUserUsingProviderClass(int,java.lang.String,java.lang.String,java.lang.String,long)[pri:2, instance:testcases.suite_two.CreateUser@738dc9b]" started-at="2022-10-19T17:43:56 EDT" name="createUserUsingProviderClass" data-provider="getData" finished-at="2022-10-19T17:43:56 EDT" duration-ms="0" status="PASS">
          <params>
            <param index="0">
              <value>
                <![CDATA[3]]>
              </value>
            </param>
            <param index="1">
              <value>
                <![CDATA[Jeenal]]>
              </value>
            </param>
            <param index="2">
              <value>
                <![CDATA[Radadiya]]>
              </value>
            </param>
            <param index="3">
              <value>
                <![CDATA[nr@gmail.com]]>
              </value>
            </param>
            <param index="4">
              <value>
                <![CDATA[7776543278]]>
              </value>
            </param>
          </params>
          <reporter-output>
          </reporter-output>
        </test-method> <!-- createUserUsingProviderClass -->
      </class> <!-- testcases.suite_two.CreateUser -->
    </test> <!-- Create User Test -->
    <test started-at="2022-10-19T17:43:56 EDT" name="Delete User Test" finished-at="2022-10-19T17:43:56 EDT" duration-ms="31">
      <class name="testcases.suite_two.DeleteUser">
        <test-method signature="deleteUser(int,java.lang.String,java.lang.String,java.lang.String,long)[pri:0, instance:testcases.suite_two.DeleteUser@d86a6f]" started-at="2022-10-19T17:43:56 EDT" name="deleteUser" data-provider="getData" finished-at="2022-10-19T17:43:56 EDT" duration-ms="2" status="PASS">
          <params>
            <param index="0">
              <value>
                <![CDATA[1]]>
              </value>
            </param>
            <param index="1">
              <value>
                <![CDATA[Ravi]]>
              </value>
            </param>
            <param index="2">
              <value>
                <![CDATA[Khokhar]]>
              </value>
            </param>
            <param index="3">
              <value>
                <![CDATA[rk@gmail.com]]>
              </value>
            </param>
            <param index="4">
              <value>
                <![CDATA[9876543210]]>
              </value>
            </param>
          </params>
          <reporter-output>
          </reporter-output>
        </test-method> <!-- deleteUser -->
        <test-method signature="deleteUser(int,java.lang.String,java.lang.String,java.lang.String,long)[pri:0, instance:testcases.suite_two.DeleteUser@d86a6f]" started-at="2022-10-19T17:43:56 EDT" name="deleteUser" data-provider="getData" finished-at="2022-10-19T17:43:56 EDT" duration-ms="1" status="PASS">
          <params>
            <param index="0">
              <value>
                <![CDATA[2]]>
              </value>
            </param>
            <param index="1">
              <value>
                <![CDATA[Nikunj]]>
              </value>
            </param>
            <param index="2">
              <value>
                <![CDATA[Radadiya]]>
              </value>
            </param>
            <param index="3">
              <value>
                <![CDATA[nr@gmail.com]]>
              </value>
            </param>
            <param index="4">
              <value>
                <![CDATA[9886343222]]>
              </value>
            </param>
          </params>
          <reporter-output>
          </reporter-output>
        </test-method> <!-- deleteUser -->
        <test-method signature="deleteUser(int,java.lang.String,java.lang.String,java.lang.String,long)[pri:0, instance:testcases.suite_two.DeleteUser@d86a6f]" started-at="2022-10-19T17:43:56 EDT" name="deleteUser" data-provider="getData" finished-at="2022-10-19T17:43:56 EDT" duration-ms="1" status="PASS">
          <params>
            <param index="0">
              <value>
                <![CDATA[3]]>
              </value>
            </param>
            <param index="1">
              <value>
                <![CDATA[Jeenal]]>
              </value>
            </param>
            <param index="2">
              <value>
                <![CDATA[Radadiya]]>
              </value>
            </param>
            <param index="3">
              <value>
                <![CDATA[nr@gmail.com]]>
              </value>
            </param>
            <param index="4">
              <value>
                <![CDATA[7776543278]]>
              </value>
            </param>
          </params>
          <reporter-output>
          </reporter-output>
        </test-method> <!-- deleteUser -->
      </class> <!-- testcases.suite_two.DeleteUser -->
    </test> <!-- Delete User Test -->
    <test started-at="2022-10-19T17:43:56 EDT" name="Search and Buy Phone Test" finished-at="2022-10-19T17:43:56 EDT" duration-ms="43">
      <class name="testcases.suite_one.SearchAndBuyPhone">
        <test-method signature="searchPhone(org.testng.ITestContext)[pri:1, instance:testcases.suite_one.SearchAndBuyPhone@750e2b97]" started-at="2022-10-19T17:43:56 EDT" name="searchPhone" finished-at="2022-10-19T17:43:56 EDT" duration-ms="0" status="PASS">
          <params>
            <param index="0">
              <value>
                <![CDATA[org.testng.TestRunner@546263d0]]>
              </value>
            </param>
          </params>
          <reporter-output>
          </reporter-output>
        </test-method> <!-- searchPhone -->
        <test-method signature="selectPhone(org.testng.ITestContext)[pri:2, instance:testcases.suite_one.SearchAndBuyPhone@750e2b97]" started-at="2022-10-19T17:43:56 EDT" name="selectPhone" finished-at="2022-10-19T17:43:56 EDT" depends-on-methods="testcases.suite_one.SearchAndBuyPhone.searchPhone" duration-ms="2" status="PASS">
          <params>
            <param index="0">
              <value>
                <![CDATA[org.testng.TestRunner@546263d0]]>
              </value>
            </param>
          </params>
          <reporter-output>
          </reporter-output>
        </test-method> <!-- selectPhone -->
        <test-method signature="buyPhone(org.testng.ITestContext)[pri:3, instance:testcases.suite_one.SearchAndBuyPhone@750e2b97]" started-at="2022-10-19T17:43:56 EDT" name="buyPhone" finished-at="2022-10-19T17:43:56 EDT" depends-on-methods="testcases.suite_one.SearchAndBuyPhone.searchPhone, testcases.suite_one.SearchAndBuyPhone.selectPhone" duration-ms="5" status="PASS">
          <params>
            <param index="0">
              <value>
                <![CDATA[org.testng.TestRunner@546263d0]]>
              </value>
            </param>
          </params>
          <reporter-output>
          </reporter-output>
        </test-method> <!-- buyPhone -->
      </class> <!-- testcases.suite_one.SearchAndBuyPhone -->
    </test> <!-- Search and Buy Phone Test -->
  </suite> <!-- All Combine Execution -->
  <suite started-at="2022-10-19T17:43:56 EDT" name="Create and Delete User Test Cases" finished-at="2022-10-19T17:43:56 EDT" duration-ms="454">
    <groups>
    </groups>
    <test started-at="2022-10-19T17:43:56 EDT" name="Create User Test" finished-at="2022-10-19T17:43:56 EDT" duration-ms="152">
      <class name="testcases.suite_two.CreateUser">
        <test-method signature="createUserUsingProviderClass(int,java.lang.String,java.lang.String,java.lang.String,long)[pri:2, instance:testcases.suite_two.CreateUser@5824a83d]" started-at="2022-10-19T17:43:56 EDT" name="createUserUsingProviderClass" data-provider="getData" finished-at="2022-10-19T17:43:56 EDT" duration-ms="16" status="PASS">
          <params>
            <param index="0">
              <value>
                <![CDATA[1]]>
              </value>
            </param>
            <param index="1">
              <value>
                <![CDATA[Ravi]]>
              </value>
            </param>
            <param index="2">
              <value>
                <![CDATA[Khokhar]]>
              </value>
            </param>
            <param index="3">
              <value>
                <![CDATA[rk@gmail.com]]>
              </value>
            </param>
            <param index="4">
              <value>
                <![CDATA[9876543210]]>
              </value>
            </param>
          </params>
          <reporter-output>
          </reporter-output>
        </test-method> <!-- createUserUsingProviderClass -->
        <test-method signature="createUserUsingProviderClass(int,java.lang.String,java.lang.String,java.lang.String,long)[pri:2, instance:testcases.suite_two.CreateUser@5824a83d]" started-at="2022-10-19T17:43:56 EDT" name="createUserUsingProviderClass" data-provider="getData" finished-at="2022-10-19T17:43:56 EDT" duration-ms="1" status="PASS">
          <params>
            <param index="0">
              <value>
                <![CDATA[2]]>
              </value>
            </param>
            <param index="1">
              <value>
                <![CDATA[Nikunj]]>
              </value>
            </param>
            <param index="2">
              <value>
                <![CDATA[Radadiya]]>
              </value>
            </param>
            <param index="3">
              <value>
                <![CDATA[nr@gmail.com]]>
              </value>
            </param>
            <param index="4">
              <value>
                <![CDATA[9886343222]]>
              </value>
            </param>
          </params>
          <reporter-output>
          </reporter-output>
        </test-method> <!-- createUserUsingProviderClass -->
        <test-method signature="createUserUsingProviderClass(int,java.lang.String,java.lang.String,java.lang.String,long)[pri:2, instance:testcases.suite_two.CreateUser@5824a83d]" started-at="2022-10-19T17:43:56 EDT" name="createUserUsingProviderClass" data-provider="getData" finished-at="2022-10-19T17:43:56 EDT" duration-ms="1" status="PASS">
          <params>
            <param index="0">
              <value>
                <![CDATA[3]]>
              </value>
            </param>
            <param index="1">
              <value>
                <![CDATA[Jeenal]]>
              </value>
            </param>
            <param index="2">
              <value>
                <![CDATA[Radadiya]]>
              </value>
            </param>
            <param index="3">
              <value>
                <![CDATA[nr@gmail.com]]>
              </value>
            </param>
            <param index="4">
              <value>
                <![CDATA[7776543278]]>
              </value>
            </param>
          </params>
          <reporter-output>
          </reporter-output>
        </test-method> <!-- createUserUsingProviderClass -->
      </class> <!-- testcases.suite_two.CreateUser -->
    </test> <!-- Create User Test -->
    <test started-at="2022-10-19T17:43:56 EDT" name="Delete User Test" finished-at="2022-10-19T17:43:56 EDT" duration-ms="48">
      <class name="testcases.suite_two.DeleteUser">
        <test-method signature="deleteUser(int,java.lang.String,java.lang.String,java.lang.String,long)[pri:0, instance:testcases.suite_two.DeleteUser@229c6181]" started-at="2022-10-19T17:43:56 EDT" name="deleteUser" data-provider="getData" finished-at="2022-10-19T17:43:56 EDT" duration-ms="1" status="PASS">
          <params>
            <param index="0">
              <value>
                <![CDATA[1]]>
              </value>
            </param>
            <param index="1">
              <value>
                <![CDATA[Ravi]]>
              </value>
            </param>
            <param index="2">
              <value>
                <![CDATA[Khokhar]]>
              </value>
            </param>
            <param index="3">
              <value>
                <![CDATA[rk@gmail.com]]>
              </value>
            </param>
            <param index="4">
              <value>
                <![CDATA[9876543210]]>
              </value>
            </param>
          </params>
          <reporter-output>
          </reporter-output>
        </test-method> <!-- deleteUser -->
        <test-method signature="deleteUser(int,java.lang.String,java.lang.String,java.lang.String,long)[pri:0, instance:testcases.suite_two.DeleteUser@229c6181]" started-at="2022-10-19T17:43:56 EDT" name="deleteUser" data-provider="getData" finished-at="2022-10-19T17:43:56 EDT" duration-ms="3" status="PASS">
          <params>
            <param index="0">
              <value>
                <![CDATA[2]]>
              </value>
            </param>
            <param index="1">
              <value>
                <![CDATA[Nikunj]]>
              </value>
            </param>
            <param index="2">
              <value>
                <![CDATA[Radadiya]]>
              </value>
            </param>
            <param index="3">
              <value>
                <![CDATA[nr@gmail.com]]>
              </value>
            </param>
            <param index="4">
              <value>
                <![CDATA[9886343222]]>
              </value>
            </param>
          </params>
          <reporter-output>
          </reporter-output>
        </test-method> <!-- deleteUser -->
        <test-method signature="deleteUser(int,java.lang.String,java.lang.String,java.lang.String,long)[pri:0, instance:testcases.suite_two.DeleteUser@229c6181]" started-at="2022-10-19T17:43:56 EDT" name="deleteUser" data-provider="getData" finished-at="2022-10-19T17:43:56 EDT" duration-ms="12" status="PASS">
          <params>
            <param index="0">
              <value>
                <![CDATA[3]]>
              </value>
            </param>
            <param index="1">
              <value>
                <![CDATA[Jeenal]]>
              </value>
            </param>
            <param index="2">
              <value>
                <![CDATA[Radadiya]]>
              </value>
            </param>
            <param index="3">
              <value>
                <![CDATA[nr@gmail.com]]>
              </value>
            </param>
            <param index="4">
              <value>
                <![CDATA[7776543278]]>
              </value>
            </param>
          </params>
          <reporter-output>
          </reporter-output>
        </test-method> <!-- deleteUser -->
      </class> <!-- testcases.suite_two.DeleteUser -->
    </test> <!-- Delete User Test -->
  </suite> <!-- Create and Delete User Test Cases -->
  <suite started-at="2022-10-19T17:43:56 EDT" name="Create and Delete User Test Cases (0)" finished-at="2022-10-19T17:43:56 EDT" duration-ms="65">
    <groups>
    </groups>
    <test started-at="2022-10-19T17:43:56 EDT" name="Create User Test" finished-at="2022-10-19T17:43:56 EDT" duration-ms="38">
      <class name="testcases.suite_two.CreateUser">
        <test-method signature="createUserUsingProviderClass(int,java.lang.String,java.lang.String,java.lang.String,long)[pri:2, instance:testcases.suite_two.CreateUser@1ffaf86]" started-at="2022-10-19T17:43:56 EDT" name="createUserUsingProviderClass" data-provider="getData" finished-at="2022-10-19T17:43:56 EDT" duration-ms="17" status="PASS">
          <params>
            <param index="0">
              <value>
                <![CDATA[1]]>
              </value>
            </param>
            <param index="1">
              <value>
                <![CDATA[Ravi]]>
              </value>
            </param>
            <param index="2">
              <value>
                <![CDATA[Khokhar]]>
              </value>
            </param>
            <param index="3">
              <value>
                <![CDATA[rk@gmail.com]]>
              </value>
            </param>
            <param index="4">
              <value>
                <![CDATA[9876543210]]>
              </value>
            </param>
          </params>
          <reporter-output>
          </reporter-output>
        </test-method> <!-- createUserUsingProviderClass -->
        <test-method signature="createUserUsingProviderClass(int,java.lang.String,java.lang.String,java.lang.String,long)[pri:2, instance:testcases.suite_two.CreateUser@1ffaf86]" started-at="2022-10-19T17:43:56 EDT" name="createUserUsingProviderClass" data-provider="getData" finished-at="2022-10-19T17:43:56 EDT" duration-ms="1" status="PASS">
          <params>
            <param index="0">
              <value>
                <![CDATA[2]]>
              </value>
            </param>
            <param index="1">
              <value>
                <![CDATA[Nikunj]]>
              </value>
            </param>
            <param index="2">
              <value>
                <![CDATA[Radadiya]]>
              </value>
            </param>
            <param index="3">
              <value>
                <![CDATA[nr@gmail.com]]>
              </value>
            </param>
            <param index="4">
              <value>
                <![CDATA[9886343222]]>
              </value>
            </param>
          </params>
          <reporter-output>
          </reporter-output>
        </test-method> <!-- createUserUsingProviderClass -->
        <test-method signature="createUserUsingProviderClass(int,java.lang.String,java.lang.String,java.lang.String,long)[pri:2, instance:testcases.suite_two.CreateUser@1ffaf86]" started-at="2022-10-19T17:43:56 EDT" name="createUserUsingProviderClass" data-provider="getData" finished-at="2022-10-19T17:43:56 EDT" duration-ms="1" status="PASS">
          <params>
            <param index="0">
              <value>
                <![CDATA[3]]>
              </value>
            </param>
            <param index="1">
              <value>
                <![CDATA[Jeenal]]>
              </value>
            </param>
            <param index="2">
              <value>
                <![CDATA[Radadiya]]>
              </value>
            </param>
            <param index="3">
              <value>
                <![CDATA[nr@gmail.com]]>
              </value>
            </param>
            <param index="4">
              <value>
                <![CDATA[7776543278]]>
              </value>
            </param>
          </params>
          <reporter-output>
          </reporter-output>
        </test-method> <!-- createUserUsingProviderClass -->
      </class> <!-- testcases.suite_two.CreateUser -->
    </test> <!-- Create User Test -->
    <test started-at="2022-10-19T17:43:56 EDT" name="Delete User Test" finished-at="2022-10-19T17:43:56 EDT" duration-ms="11">
      <class name="testcases.suite_two.DeleteUser">
        <test-method signature="deleteUser(int,java.lang.String,java.lang.String,java.lang.String,long)[pri:0, instance:testcases.suite_two.DeleteUser@60099951]" started-at="2022-10-19T17:43:56 EDT" name="deleteUser" data-provider="getData" finished-at="2022-10-19T17:43:56 EDT" duration-ms="1" status="PASS">
          <params>
            <param index="0">
              <value>
                <![CDATA[1]]>
              </value>
            </param>
            <param index="1">
              <value>
                <![CDATA[Ravi]]>
              </value>
            </param>
            <param index="2">
              <value>
                <![CDATA[Khokhar]]>
              </value>
            </param>
            <param index="3">
              <value>
                <![CDATA[rk@gmail.com]]>
              </value>
            </param>
            <param index="4">
              <value>
                <![CDATA[9876543210]]>
              </value>
            </param>
          </params>
          <reporter-output>
          </reporter-output>
        </test-method> <!-- deleteUser -->
        <test-method signature="deleteUser(int,java.lang.String,java.lang.String,java.lang.String,long)[pri:0, instance:testcases.suite_two.DeleteUser@60099951]" started-at="2022-10-19T17:43:56 EDT" name="deleteUser" data-provider="getData" finished-at="2022-10-19T17:43:56 EDT" duration-ms="1" status="PASS">
          <params>
            <param index="0">
              <value>
                <![CDATA[2]]>
              </value>
            </param>
            <param index="1">
              <value>
                <![CDATA[Nikunj]]>
              </value>
            </param>
            <param index="2">
              <value>
                <![CDATA[Radadiya]]>
              </value>
            </param>
            <param index="3">
              <value>
                <![CDATA[nr@gmail.com]]>
              </value>
            </param>
            <param index="4">
              <value>
                <![CDATA[9886343222]]>
              </value>
            </param>
          </params>
          <reporter-output>
          </reporter-output>
        </test-method> <!-- deleteUser -->
        <test-method signature="deleteUser(int,java.lang.String,java.lang.String,java.lang.String,long)[pri:0, instance:testcases.suite_two.DeleteUser@60099951]" started-at="2022-10-19T17:43:56 EDT" name="deleteUser" data-provider="getData" finished-at="2022-10-19T17:43:56 EDT" duration-ms="1" status="PASS">
          <params>
            <param index="0">
              <value>
                <![CDATA[3]]>
              </value>
            </param>
            <param index="1">
              <value>
                <![CDATA[Jeenal]]>
              </value>
            </param>
            <param index="2">
              <value>
                <![CDATA[Radadiya]]>
              </value>
            </param>
            <param index="3">
              <value>
                <![CDATA[nr@gmail.com]]>
              </value>
            </param>
            <param index="4">
              <value>
                <![CDATA[7776543278]]>
              </value>
            </param>
          </params>
          <reporter-output>
          </reporter-output>
        </test-method> <!-- deleteUser -->
      </class> <!-- testcases.suite_two.DeleteUser -->
    </test> <!-- Delete User Test -->
  </suite> <!-- Create and Delete User Test Cases (0) -->
  <suite started-at="2022-10-19T17:43:56 EDT" name="Login and Search Product Test Cases" finished-at="2022-10-19T17:43:56 EDT" duration-ms="500">
    <groups>
    </groups>
    <test started-at="2022-10-19T17:43:56 EDT" name="Login Test" finished-at="2022-10-19T17:43:56 EDT" duration-ms="177">
      <class name="testcases.suite_one.LoginTest">
        <test-method is-config="true" signature="init()[pri:0, instance:testcases.suite_one.LoginTest@c88a337]" started-at="2022-10-19T17:43:56 EDT" name="init" finished-at="2022-10-19T17:43:56 EDT" duration-ms="47" status="PASS">
          <reporter-output>
          </reporter-output>
        </test-method> <!-- init -->
        <test-method signature="softAssert()[pri:0, instance:testcases.suite_one.LoginTest@c88a337]" started-at="2022-10-19T17:43:56 EDT" name="softAssert" finished-at="2022-10-19T17:43:56 EDT" duration-ms="24" status="PASS">
          <reporter-output>
          </reporter-output>
        </test-method> <!-- softAssert -->
        <test-method is-config="true" signature="complete()[pri:0, instance:testcases.suite_one.LoginTest@c88a337]" started-at="2022-10-19T17:43:56 EDT" name="complete" finished-at="2022-10-19T17:43:56 EDT" duration-ms="1" status="PASS">
          <reporter-output>
          </reporter-output>
        </test-method> <!-- complete -->
      </class> <!-- testcases.suite_one.LoginTest -->
    </test> <!-- Login Test -->
    <test started-at="2022-10-19T17:43:56 EDT" name="Search and Buy Phone Test" finished-at="2022-10-19T17:43:56 EDT" duration-ms="238">
      <class name="testcases.suite_one.SearchAndBuyPhone">
        <test-method signature="searchPhone(org.testng.ITestContext)[pri:1, instance:testcases.suite_one.SearchAndBuyPhone@2d710f1a]" started-at="2022-10-19T17:43:56 EDT" name="searchPhone" finished-at="2022-10-19T17:43:56 EDT" duration-ms="1" status="PASS">
          <params>
            <param index="0">
              <value>
                <![CDATA[org.testng.TestRunner@3c432760]]>
              </value>
            </param>
          </params>
          <reporter-output>
          </reporter-output>
        </test-method> <!-- searchPhone -->
        <test-method signature="selectPhone(org.testng.ITestContext)[pri:2, instance:testcases.suite_one.SearchAndBuyPhone@2d710f1a]" started-at="2022-10-19T17:43:56 EDT" name="selectPhone" finished-at="2022-10-19T17:43:56 EDT" depends-on-methods="testcases.suite_one.SearchAndBuyPhone.searchPhone" duration-ms="2" status="PASS">
          <params>
            <param index="0">
              <value>
                <![CDATA[org.testng.TestRunner@3c432760]]>
              </value>
            </param>
          </params>
          <reporter-output>
          </reporter-output>
        </test-method> <!-- selectPhone -->
        <test-method signature="buyPhone(org.testng.ITestContext)[pri:3, instance:testcases.suite_one.SearchAndBuyPhone@2d710f1a]" started-at="2022-10-19T17:43:56 EDT" name="buyPhone" finished-at="2022-10-19T17:43:56 EDT" depends-on-methods="testcases.suite_one.SearchAndBuyPhone.searchPhone, testcases.suite_one.SearchAndBuyPhone.selectPhone" duration-ms="1" status="PASS">
          <params>
            <param index="0">
              <value>
                <![CDATA[org.testng.TestRunner@3c432760]]>
              </value>
            </param>
          </params>
          <reporter-output>
          </reporter-output>
        </test-method> <!-- buyPhone -->
      </class> <!-- testcases.suite_one.SearchAndBuyPhone -->
    </test> <!-- Search and Buy Phone Test -->
  </suite> <!-- Login and Search Product Test Cases -->
  <suite started-at="2022-10-19T17:43:57 EDT" name="Multiple Suite Test Cases Execution" finished-at="2022-10-19T17:43:57 EDT" duration-ms="0">
    <groups>
    </groups>
  </suite> <!-- Multiple Suite Test Cases Execution -->
  <suite started-at="2022-10-19T17:43:56 EDT" name="Login and Search Product Test Cases (0)" finished-at="2022-10-19T17:43:56 EDT" duration-ms="468">
    <groups>
    </groups>
    <test started-at="2022-10-19T17:43:56 EDT" name="Login Test" finished-at="2022-10-19T17:43:56 EDT" duration-ms="156">
      <class name="testcases.suite_one.LoginTest">
        <test-method is-config="true" signature="init()[pri:0, instance:testcases.suite_one.LoginTest@38cee291]" started-at="2022-10-19T17:43:56 EDT" name="init" finished-at="2022-10-19T17:43:56 EDT" duration-ms="46" status="PASS">
          <reporter-output>
          </reporter-output>
        </test-method> <!-- init -->
        <test-method signature="softAssert()[pri:0, instance:testcases.suite_one.LoginTest@38cee291]" started-at="2022-10-19T17:43:56 EDT" name="softAssert" finished-at="2022-10-19T17:43:56 EDT" duration-ms="24" status="PASS">
          <reporter-output>
          </reporter-output>
        </test-method> <!-- softAssert -->
        <test-method is-config="true" signature="complete()[pri:0, instance:testcases.suite_one.LoginTest@38cee291]" started-at="2022-10-19T17:43:56 EDT" name="complete" finished-at="2022-10-19T17:43:56 EDT" duration-ms="0" status="PASS">
          <reporter-output>
          </reporter-output>
        </test-method> <!-- complete -->
      </class> <!-- testcases.suite_one.LoginTest -->
    </test> <!-- Login Test -->
    <test started-at="2022-10-19T17:43:56 EDT" name="Search and Buy Phone Test" finished-at="2022-10-19T17:43:56 EDT" duration-ms="191">
      <class name="testcases.suite_one.SearchAndBuyPhone">
        <test-method signature="searchPhone(org.testng.ITestContext)[pri:1, instance:testcases.suite_one.SearchAndBuyPhone@41a0aa7d]" started-at="2022-10-19T17:43:56 EDT" name="searchPhone" finished-at="2022-10-19T17:43:56 EDT" duration-ms="3" status="PASS">
          <params>
            <param index="0">
              <value>
                <![CDATA[org.testng.TestRunner@54684790]]>
              </value>
            </param>
          </params>
          <reporter-output>
          </reporter-output>
        </test-method> <!-- searchPhone -->
        <test-method signature="selectPhone(org.testng.ITestContext)[pri:2, instance:testcases.suite_one.SearchAndBuyPhone@41a0aa7d]" started-at="2022-10-19T17:43:56 EDT" name="selectPhone" finished-at="2022-10-19T17:43:56 EDT" depends-on-methods="testcases.suite_one.SearchAndBuyPhone.searchPhone" duration-ms="1" status="PASS">
          <params>
            <param index="0">
              <value>
                <![CDATA[org.testng.TestRunner@54684790]]>
              </value>
            </param>
          </params>
          <reporter-output>
          </reporter-output>
        </test-method> <!-- selectPhone -->
        <test-method signature="buyPhone(org.testng.ITestContext)[pri:3, instance:testcases.suite_one.SearchAndBuyPhone@41a0aa7d]" started-at="2022-10-19T17:43:56 EDT" name="buyPhone" finished-at="2022-10-19T17:43:56 EDT" depends-on-methods="testcases.suite_one.SearchAndBuyPhone.searchPhone, testcases.suite_one.SearchAndBuyPhone.selectPhone" duration-ms="1" status="PASS">
          <params>
            <param index="0">
              <value>
                <![CDATA[org.testng.TestRunner@54684790]]>
              </value>
            </param>
          </params>
          <reporter-output>
          </reporter-output>
        </test-method> <!-- buyPhone -->
      </class> <!-- testcases.suite_one.SearchAndBuyPhone -->
    </test> <!-- Search and Buy Phone Test -->
  </suite> <!-- Login and Search Product Test Cases (0) -->
</testng-results>
