<?xml version="1.0" encoding="UTF-8"?>
<testng-results ignored="0" total="10" passed="10" failed="0" skipped="0">
  <reporter-output>
  </reporter-output>
  <suite started-at="2022-10-12T10:09:27 EDT" name="All Combine Execution" finished-at="2022-10-12T10:09:27 EDT" duration-ms="428">
    <groups>
    </groups>
    <test started-at="2022-10-12T10:09:27 EDT" name="Login Test" finished-at="2022-10-12T10:09:27 EDT" duration-ms="184">
      <class name="testcases.suite_one.LoginTest">
        <test-method is-config="true" signature="init()[pri:0, instance:testcases.suite_one.LoginTest@4803b726]" started-at="2022-10-12T10:09:27 EDT" name="init" finished-at="2022-10-12T10:09:27 EDT" duration-ms="39" status="PASS">
          <reporter-output>
          </reporter-output>
        </test-method> <!-- init -->
        <test-method signature="softAssert()[pri:0, instance:testcases.suite_one.LoginTest@4803b726]" started-at="2022-10-12T10:09:27 EDT" name="softAssert" finished-at="2022-10-12T10:09:27 EDT" duration-ms="28" status="PASS">
          <reporter-output>
          </reporter-output>
        </test-method> <!-- softAssert -->
        <test-method is-config="true" signature="complete()[pri:0, instance:testcases.suite_one.LoginTest@4803b726]" started-at="2022-10-12T10:09:27 EDT" name="complete" finished-at="2022-10-12T10:09:27 EDT" duration-ms="1" status="PASS">
          <reporter-output>
          </reporter-output>
        </test-method> <!-- complete -->
      </class> <!-- testcases.suite_one.LoginTest -->
    </test> <!-- Login Test -->
    <test started-at="2022-10-12T10:09:27 EDT" name="Create User Test" finished-at="2022-10-12T10:09:27 EDT" duration-ms="31">
      <class name="testcases.suite_two.CreateUser">
        <test-method signature="createUserUsingProviderClass(int,java.lang.String,java.lang.String,java.lang.String,long)[pri:2, instance:testcases.suite_two.CreateUser@65c7a252]" started-at="2022-10-12T10:09:27 EDT" name="createUserUsingProviderClass" data-provider="getData" finished-at="2022-10-12T10:09:27 EDT" duration-ms="2" status="PASS">
          <params>
            <param index="0">
              <value>
                <![CDATA[1]]>
              </value>
            </param>
            <param index="1">
              <value>
                <![CDATA[Ravi]]>
              </value>
            </param>
            <param index="2">
              <value>
                <![CDATA[Khokhar]]>
              </value>
            </param>
            <param index="3">
              <value>
                <![CDATA[rk@gmail.com]]>
              </value>
            </param>
            <param index="4">
              <value>
                <![CDATA[9876543210]]>
              </value>
            </param>
          </params>
          <reporter-output>
          </reporter-output>
        </test-method> <!-- createUserUsingProviderClass -->
        <test-method signature="createUserUsingProviderClass(int,java.lang.String,java.lang.String,java.lang.String,long)[pri:2, instance:testcases.suite_two.CreateUser@65c7a252]" started-at="2022-10-12T10:09:27 EDT" name="createUserUsingProviderClass" data-provider="getData" finished-at="2022-10-12T10:09:27 EDT" duration-ms="2" status="PASS">
          <params>
            <param index="0">
              <value>
                <![CDATA[2]]>
              </value>
            </param>
            <param index="1">
              <value>
                <![CDATA[Nikunj]]>
              </value>
            </param>
            <param index="2">
              <value>
                <![CDATA[Radadiya]]>
              </value>
            </param>
            <param index="3">
              <value>
                <![CDATA[nr@gmail.com]]>
              </value>
            </param>
            <param index="4">
              <value>
                <![CDATA[9886343222]]>
              </value>
            </param>
          </params>
          <reporter-output>
          </reporter-output>
        </test-method> <!-- createUserUsingProviderClass -->
        <test-method signature="createUserUsingProviderClass(int,java.lang.String,java.lang.String,java.lang.String,long)[pri:2, instance:testcases.suite_two.CreateUser@65c7a252]" started-at="2022-10-12T10:09:27 EDT" name="createUserUsingProviderClass" data-provider="getData" finished-at="2022-10-12T10:09:27 EDT" duration-ms="2" status="PASS">
          <params>
            <param index="0">
              <value>
                <![CDATA[3]]>
              </value>
            </param>
            <param index="1">
              <value>
                <![CDATA[Jeenal]]>
              </value>
            </param>
            <param index="2">
              <value>
                <![CDATA[Radadiya]]>
              </value>
            </param>
            <param index="3">
              <value>
                <![CDATA[nr@gmail.com]]>
              </value>
            </param>
            <param index="4">
              <value>
                <![CDATA[7776543278]]>
              </value>
            </param>
          </params>
          <reporter-output>
          </reporter-output>
        </test-method> <!-- createUserUsingProviderClass -->
      </class> <!-- testcases.suite_two.CreateUser -->
    </test> <!-- Create User Test -->
    <test started-at="2022-10-12T10:09:27 EDT" name="Delete User Test" finished-at="2022-10-12T10:09:27 EDT" duration-ms="22">
      <class name="testcases.suite_two.DeleteUser">
        <test-method signature="deleteUser(int,java.lang.String,java.lang.String,java.lang.String,long)[pri:0, instance:testcases.suite_two.DeleteUser@4b45a2f5]" started-at="2022-10-12T10:09:27 EDT" name="deleteUser" data-provider="getData" finished-at="2022-10-12T10:09:27 EDT" duration-ms="2" status="PASS">
          <params>
            <param index="0">
              <value>
                <![CDATA[1]]>
              </value>
            </param>
            <param index="1">
              <value>
                <![CDATA[Ravi]]>
              </value>
            </param>
            <param index="2">
              <value>
                <![CDATA[Khokhar]]>
              </value>
            </param>
            <param index="3">
              <value>
                <![CDATA[rk@gmail.com]]>
              </value>
            </param>
            <param index="4">
              <value>
                <![CDATA[9876543210]]>
              </value>
            </param>
          </params>
          <reporter-output>
          </reporter-output>
        </test-method> <!-- deleteUser -->
        <test-method signature="deleteUser(int,java.lang.String,java.lang.String,java.lang.String,long)[pri:0, instance:testcases.suite_two.DeleteUser@4b45a2f5]" started-at="2022-10-12T10:09:27 EDT" name="deleteUser" data-provider="getData" finished-at="2022-10-12T10:09:27 EDT" duration-ms="2" status="PASS">
          <params>
            <param index="0">
              <value>
                <![CDATA[2]]>
              </value>
            </param>
            <param index="1">
              <value>
                <![CDATA[Nikunj]]>
              </value>
            </param>
            <param index="2">
              <value>
                <![CDATA[Radadiya]]>
              </value>
            </param>
            <param index="3">
              <value>
                <![CDATA[nr@gmail.com]]>
              </value>
            </param>
            <param index="4">
              <value>
                <![CDATA[9886343222]]>
              </value>
            </param>
          </params>
          <reporter-output>
          </reporter-output>
        </test-method> <!-- deleteUser -->
        <test-method signature="deleteUser(int,java.lang.String,java.lang.String,java.lang.String,long)[pri:0, instance:testcases.suite_two.DeleteUser@4b45a2f5]" started-at="2022-10-12T10:09:27 EDT" name="deleteUser" data-provider="getData" finished-at="2022-10-12T10:09:27 EDT" duration-ms="3" status="PASS">
          <params>
            <param index="0">
              <value>
                <![CDATA[3]]>
              </value>
            </param>
            <param index="1">
              <value>
                <![CDATA[Jeenal]]>
              </value>
            </param>
            <param index="2">
              <value>
                <![CDATA[Radadiya]]>
              </value>
            </param>
            <param index="3">
              <value>
                <![CDATA[nr@gmail.com]]>
              </value>
            </param>
            <param index="4">
              <value>
                <![CDATA[7776543278]]>
              </value>
            </param>
          </params>
          <reporter-output>
          </reporter-output>
        </test-method> <!-- deleteUser -->
      </class> <!-- testcases.suite_two.DeleteUser -->
    </test> <!-- Delete User Test -->
    <test started-at="2022-10-12T10:09:27 EDT" name="Search and Buy Phone Test" finished-at="2022-10-12T10:09:27 EDT" duration-ms="40">
      <class name="testcases.suite_one.SearchAndBuyPhone">
        <test-method signature="searchPhone(org.testng.ITestContext)[pri:1, instance:testcases.suite_one.SearchAndBuyPhone@1c7696c6]" started-at="2022-10-12T10:09:27 EDT" name="searchPhone" finished-at="2022-10-12T10:09:27 EDT" duration-ms="2" status="PASS">
          <params>
            <param index="0">
              <value>
                <![CDATA[org.testng.TestRunner@1124de3d]]>
              </value>
            </param>
          </params>
          <reporter-output>
          </reporter-output>
        </test-method> <!-- searchPhone -->
        <test-method signature="selectPhone(org.testng.ITestContext)[pri:2, instance:testcases.suite_one.SearchAndBuyPhone@1c7696c6]" started-at="2022-10-12T10:09:27 EDT" name="selectPhone" finished-at="2022-10-12T10:09:27 EDT" depends-on-methods="testcases.suite_one.SearchAndBuyPhone.searchPhone" duration-ms="4" status="PASS">
          <params>
            <param index="0">
              <value>
                <![CDATA[org.testng.TestRunner@1124de3d]]>
              </value>
            </param>
          </params>
          <reporter-output>
          </reporter-output>
        </test-method> <!-- selectPhone -->
        <test-method signature="buyPhone(org.testng.ITestContext)[pri:3, instance:testcases.suite_one.SearchAndBuyPhone@1c7696c6]" started-at="2022-10-12T10:09:27 EDT" name="buyPhone" finished-at="2022-10-12T10:09:27 EDT" depends-on-methods="testcases.suite_one.SearchAndBuyPhone.searchPhone, testcases.suite_one.SearchAndBuyPhone.selectPhone" duration-ms="3" status="PASS">
          <params>
            <param index="0">
              <value>
                <![CDATA[org.testng.TestRunner@1124de3d]]>
              </value>
            </param>
          </params>
          <reporter-output>
          </reporter-output>
        </test-method> <!-- buyPhone -->
      </class> <!-- testcases.suite_one.SearchAndBuyPhone -->
    </test> <!-- Search and Buy Phone Test -->
  </suite> <!-- All Combine Execution -->
</testng-results>
